  MainState.cpp
C:\Users\bhavi\OneDrive\Desktop\GitHub\Vishv_GameEngine\Vishv_GE\Framework\Graphics\Inc\Model.h(52,22): error C2039: 'SamplerManager': is not a member of 'Vishv::Graphics'
C:\Users\bhavi\OneDrive\Desktop\GitHub\Vishv_GameEngine\Vishv_GE\Framework\Graphics\Inc\Model.h(11): message : see declaration of 'Vishv::Graphics'
C:\Users\bhavi\OneDrive\Desktop\GitHub\Vishv_GameEngine\Vishv_GE\Framework\Graphics\Inc\Model.h(57): message : see reference to class template instantiation 'Vishv::Graphics::ModelBase<MESH>' being compiled
C:\Users\bhavi\OneDrive\Desktop\GitHub\Vishv_GameEngine\Vishv_GE\Framework\Physics\Inc\Ray.h(7,2): error C2011: 'Vishv::Physics::Ray': 'struct' type redefinition
C:\Users\bhavi\OneDrive\Desktop\GitHub\Vishv_GameEngine\Vishv_GE\Framework\Physics\Inc\RayCast.h(6): message : see declaration of 'Vishv::Physics::Ray'
C:\Users\bhavi\OneDrive\Desktop\GitHub\Vishv_GameEngine\Vishv_GE\Framework\Physics\Inc\AABBInt.h(42,24): error C3615: constexpr function 'Vishv::Physics::IntData::Vector3Int::operator -' cannot result in a constant expression
C:\Users\bhavi\OneDrive\Desktop\GitHub\Vishv_GameEngine\Vishv_GE\Framework\Physics\Inc\AABBInt.h(42,68): message : failure was caused by call of undefined function or one not declared 'constexpr'
C:\Users\bhavi\OneDrive\Desktop\GitHub\Vishv_GameEngine\Vishv_GE\Framework\Physics\Inc\AABBInt.h(42,68): message : see usage of 'Vishv::Physics::IntData::Vector3Int::Vector3Int'
C:\Users\bhavi\OneDrive\Desktop\GitHub\Vishv_GameEngine\Vishv_GE\Framework\Physics\Inc\AABBInt.h(43,24): error C3615: constexpr function 'Vishv::Physics::IntData::Vector3Int::operator +' cannot result in a constant expression
C:\Users\bhavi\OneDrive\Desktop\GitHub\Vishv_GameEngine\Vishv_GE\Framework\Physics\Inc\AABBInt.h(43,68): message : failure was caused by call of undefined function or one not declared 'constexpr'
C:\Users\bhavi\OneDrive\Desktop\GitHub\Vishv_GameEngine\Vishv_GE\Framework\Physics\Inc\AABBInt.h(43,68): message : see usage of 'Vishv::Physics::IntData::Vector3Int::Vector3Int'
C:\Users\bhavi\OneDrive\Desktop\GitHub\Vishv_GameEngine\Vishv_GE\Framework\AI\Inc\SteeringModule.h(18,56): error C2039: 'Arrive': is not a member of 'Vishv::AI::Steering'
C:\Users\bhavi\OneDrive\Desktop\GitHub\Vishv_GameEngine\Vishv_GE\Framework\AI\Inc\SteeringBehaviour.h(22): message : see declaration of 'Vishv::AI::Steering'
C:\Users\bhavi\OneDrive\Desktop\GitHub\Vishv_GameEngine\Vishv_GE\Framework\AI\Inc\SteeringModule.h(68): message : see reference to class template instantiation 'Vishv::AI::SteeringModule<AgentType>' being compiled
C:\Users\bhavi\OneDrive\Desktop\GitHub\Vishv_GameEngine\Vishv_GE\Framework\AI\Inc\SteeringModule.h(19,56): error C2039: 'Evade': is not a member of 'Vishv::AI::Steering'
C:\Users\bhavi\OneDrive\Desktop\GitHub\Vishv_GameEngine\Vishv_GE\Framework\AI\Inc\SteeringBehaviour.h(22): message : see declaration of 'Vishv::AI::Steering'
C:\Users\bhavi\OneDrive\Desktop\GitHub\Vishv_GameEngine\Vishv_GE\Framework\AI\Inc\SteeringModule.h(20,56): error C2039: 'Flee': is not a member of 'Vishv::AI::Steering'
C:\Users\bhavi\OneDrive\Desktop\GitHub\Vishv_GameEngine\Vishv_GE\Framework\AI\Inc\SteeringBehaviour.h(22): message : see declaration of 'Vishv::AI::Steering'
C:\Users\bhavi\OneDrive\Desktop\GitHub\Vishv_GameEngine\Vishv_GE\Framework\AI\Inc\SteeringModule.h(21,56): error C2039: 'Flocking': is not a member of 'Vishv::AI::Steering'
C:\Users\bhavi\OneDrive\Desktop\GitHub\Vishv_GameEngine\Vishv_GE\Framework\AI\Inc\SteeringBehaviour.h(22): message : see declaration of 'Vishv::AI::Steering'
C:\Users\bhavi\OneDrive\Desktop\GitHub\Vishv_GameEngine\Vishv_GE\Framework\AI\Inc\SteeringModule.h(22,56): error C2039: 'ObstacleAvoidance': is not a member of 'Vishv::AI::Steering'
C:\Users\bhavi\OneDrive\Desktop\GitHub\Vishv_GameEngine\Vishv_GE\Framework\AI\Inc\SteeringBehaviour.h(22): message : see declaration of 'Vishv::AI::Steering'
C:\Users\bhavi\OneDrive\Desktop\GitHub\Vishv_GameEngine\Vishv_GE\Framework\AI\Inc\SteeringModule.h(23,56): error C2039: 'Pursuit': is not a member of 'Vishv::AI::Steering'
C:\Users\bhavi\OneDrive\Desktop\GitHub\Vishv_GameEngine\Vishv_GE\Framework\AI\Inc\SteeringBehaviour.h(22): message : see declaration of 'Vishv::AI::Steering'
C:\Users\bhavi\OneDrive\Desktop\GitHub\Vishv_GameEngine\Vishv_GE\Framework\AI\Inc\SteeringModule.h(24,56): error C2039: 'Seek': is not a member of 'Vishv::AI::Steering'
C:\Users\bhavi\OneDrive\Desktop\GitHub\Vishv_GameEngine\Vishv_GE\Framework\AI\Inc\SteeringBehaviour.h(22): message : see declaration of 'Vishv::AI::Steering'
C:\Users\bhavi\OneDrive\Desktop\GitHub\Vishv_GameEngine\Vishv_GE\Framework\AI\Inc\SteeringModule.h(25,56): error C2039: 'Wander': is not a member of 'Vishv::AI::Steering'
C:\Users\bhavi\OneDrive\Desktop\GitHub\Vishv_GameEngine\Vishv_GE\Framework\AI\Inc\SteeringBehaviour.h(22): message : see declaration of 'Vishv::AI::Steering'
C:\Users\bhavi\OneDrive\Desktop\GitHub\Vishv_GameEngine\Vishv_GE\Engine\Vishv\Inc\GameWorld.h(41,37): error C2039: 'AABB': is not a member of 'Vishv::Physics::Collision'
C:\Users\bhavi\OneDrive\Desktop\GitHub\Vishv_GameEngine\Vishv_GE\Framework\Physics\Inc\ShapeCollision.h(6): message : see declaration of 'Vishv::Physics::Collision'
C:\Users\bhavi\OneDrive\Desktop\GitHub\Vishv_GameEngine\Vishv_GE\Engine\Vishv\Inc\GameWorld.h(41,41): error C2061: syntax error: identifier 'AABB'
C:\Users\bhavi\OneDrive\Desktop\GitHub\Vishv_GameEngine\Vishv_GE\Engine\Vishv\Inc\ColliderComponent.h(32,20): error C2039: 'mSphere': is not a member of 'Vishv::Physics::SphereCollider'
C:\Users\bhavi\OneDrive\Desktop\GitHub\Vishv_GameEngine\Vishv_GE\Framework\Physics\Inc\SphereCollider.h(9): message : see declaration of 'Vishv::Physics::SphereCollider'
C:\Users\bhavi\OneDrive\Desktop\GitHub\Vishv_GameEngine\Vishv_GE\Engine\Vishv\Inc\QuadTree.h(32,79): error C2039: 'AABB': is not a member of 'Vishv::Physics::Collision'
C:\Users\bhavi\OneDrive\Desktop\GitHub\Vishv_GameEngine\Vishv_GE\Framework\Physics\Inc\ShapeCollision.h(6): message : see declaration of 'Vishv::Physics::Collision'
C:\Users\bhavi\OneDrive\Desktop\GitHub\Vishv_GameEngine\Vishv_GE\Engine\Vishv\Inc\QuadTree.h(32,83): error C2061: syntax error: identifier 'AABB'
C:\Users\bhavi\OneDrive\Desktop\GitHub\Vishv_GameEngine\Vishv_GE\VGP332_AI\01_Hello_PathFinding\MainState.h(42,19): error C2955: 'Vishv::AI::World': use of class template requires template argument list
C:\Users\bhavi\OneDrive\Desktop\GitHub\Vishv_GameEngine\Vishv_GE\Framework\AI\Inc\World.h(9): message : see declaration of 'Vishv::AI::World'
C:\Users\bhavi\OneDrive\Desktop\GitHub\Vishv_GameEngine\Vishv_GE\VGP332_AI\01_Hello_PathFinding\MainState.cpp(72,101): warning C4267: 'argument': conversion from 'size_t' to 'Vishv::AI::NodeID', possible loss of data
C:\Users\bhavi\OneDrive\Desktop\GitHub\Vishv_GameEngine\Vishv_GE\VGP332_AI\01_Hello_PathFinding\MainState.cpp(73,97): warning C4267: 'argument': conversion from 'size_t' to 'Vishv::AI::NodeID', possible loss of data
C:\Users\bhavi\OneDrive\Desktop\GitHub\Vishv_GameEngine\Vishv_GE\VGP332_AI\01_Hello_PathFinding\MainState.cpp(155,145): warning C4267: 'argument': conversion from 'size_t' to 'Vishv::AI::NodeID', possible loss of data
C:\Users\bhavi\OneDrive\Desktop\GitHub\Vishv_GameEngine\Vishv_GE\VGP332_AI\01_Hello_PathFinding\MainState.cpp(158,141): warning C4267: 'argument': conversion from 'size_t' to 'Vishv::AI::NodeID', possible loss of data
C:\Users\bhavi\OneDrive\Desktop\GitHub\Vishv_GameEngine\Vishv_GE\VGP332_AI\01_Hello_PathFinding\MainState.cpp(161,163): warning C4267: 'argument': conversion from 'size_t' to 'Vishv::AI::NodeID', possible loss of data
C:\Users\bhavi\OneDrive\Desktop\GitHub\Vishv_GameEngine\Vishv_GE\VGP332_AI\01_Hello_PathFinding\MainState.cpp(170,163): warning C4267: 'argument': conversion from 'size_t' to 'Vishv::AI::NodeID', possible loss of data
  WinMain.cpp
C:\Users\bhavi\OneDrive\Desktop\GitHub\Vishv_GameEngine\Vishv_GE\Framework\Graphics\Inc\Model.h(52,22): error C2039: 'SamplerManager': is not a member of 'Vishv::Graphics'
C:\Users\bhavi\OneDrive\Desktop\GitHub\Vishv_GameEngine\Vishv_GE\Framework\Graphics\Inc\Model.h(11): message : see declaration of 'Vishv::Graphics'
C:\Users\bhavi\OneDrive\Desktop\GitHub\Vishv_GameEngine\Vishv_GE\Framework\Graphics\Inc\Model.h(57): message : see reference to class template instantiation 'Vishv::Graphics::ModelBase<MESH>' being compiled
C:\Users\bhavi\OneDrive\Desktop\GitHub\Vishv_GameEngine\Vishv_GE\Framework\Physics\Inc\Ray.h(7,2): error C2011: 'Vishv::Physics::Ray': 'struct' type redefinition
C:\Users\bhavi\OneDrive\Desktop\GitHub\Vishv_GameEngine\Vishv_GE\Framework\Physics\Inc\RayCast.h(6): message : see declaration of 'Vishv::Physics::Ray'
C:\Users\bhavi\OneDrive\Desktop\GitHub\Vishv_GameEngine\Vishv_GE\Framework\Physics\Inc\AABBInt.h(42,24): error C3615: constexpr function 'Vishv::Physics::IntData::Vector3Int::operator -' cannot result in a constant expression
C:\Users\bhavi\OneDrive\Desktop\GitHub\Vishv_GameEngine\Vishv_GE\Framework\Physics\Inc\AABBInt.h(42,68): message : failure was caused by call of undefined function or one not declared 'constexpr'
C:\Users\bhavi\OneDrive\Desktop\GitHub\Vishv_GameEngine\Vishv_GE\Framework\Physics\Inc\AABBInt.h(42,68): message : see usage of 'Vishv::Physics::IntData::Vector3Int::Vector3Int'
C:\Users\bhavi\OneDrive\Desktop\GitHub\Vishv_GameEngine\Vishv_GE\Framework\Physics\Inc\AABBInt.h(43,24): error C3615: constexpr function 'Vishv::Physics::IntData::Vector3Int::operator +' cannot result in a constant expression
C:\Users\bhavi\OneDrive\Desktop\GitHub\Vishv_GameEngine\Vishv_GE\Framework\Physics\Inc\AABBInt.h(43,68): message : failure was caused by call of undefined function or one not declared 'constexpr'
C:\Users\bhavi\OneDrive\Desktop\GitHub\Vishv_GameEngine\Vishv_GE\Framework\Physics\Inc\AABBInt.h(43,68): message : see usage of 'Vishv::Physics::IntData::Vector3Int::Vector3Int'
C:\Users\bhavi\OneDrive\Desktop\GitHub\Vishv_GameEngine\Vishv_GE\Framework\AI\Inc\SteeringModule.h(18,56): error C2039: 'Arrive': is not a member of 'Vishv::AI::Steering'
C:\Users\bhavi\OneDrive\Desktop\GitHub\Vishv_GameEngine\Vishv_GE\Framework\AI\Inc\SteeringBehaviour.h(22): message : see declaration of 'Vishv::AI::Steering'
C:\Users\bhavi\OneDrive\Desktop\GitHub\Vishv_GameEngine\Vishv_GE\Framework\AI\Inc\SteeringModule.h(68): message : see reference to class template instantiation 'Vishv::AI::SteeringModule<AgentType>' being compiled
C:\Users\bhavi\OneDrive\Desktop\GitHub\Vishv_GameEngine\Vishv_GE\Framework\AI\Inc\SteeringModule.h(19,56): error C2039: 'Evade': is not a member of 'Vishv::AI::Steering'
C:\Users\bhavi\OneDrive\Desktop\GitHub\Vishv_GameEngine\Vishv_GE\Framework\AI\Inc\SteeringBehaviour.h(22): message : see declaration of 'Vishv::AI::Steering'
C:\Users\bhavi\OneDrive\Desktop\GitHub\Vishv_GameEngine\Vishv_GE\Framework\AI\Inc\SteeringModule.h(20,56): error C2039: 'Flee': is not a member of 'Vishv::AI::Steering'
C:\Users\bhavi\OneDrive\Desktop\GitHub\Vishv_GameEngine\Vishv_GE\Framework\AI\Inc\SteeringBehaviour.h(22): message : see declaration of 'Vishv::AI::Steering'
C:\Users\bhavi\OneDrive\Desktop\GitHub\Vishv_GameEngine\Vishv_GE\Framework\AI\Inc\SteeringModule.h(21,56): error C2039: 'Flocking': is not a member of 'Vishv::AI::Steering'
C:\Users\bhavi\OneDrive\Desktop\GitHub\Vishv_GameEngine\Vishv_GE\Framework\AI\Inc\SteeringBehaviour.h(22): message : see declaration of 'Vishv::AI::Steering'
C:\Users\bhavi\OneDrive\Desktop\GitHub\Vishv_GameEngine\Vishv_GE\Framework\AI\Inc\SteeringModule.h(22,56): error C2039: 'ObstacleAvoidance': is not a member of 'Vishv::AI::Steering'
C:\Users\bhavi\OneDrive\Desktop\GitHub\Vishv_GameEngine\Vishv_GE\Framework\AI\Inc\SteeringBehaviour.h(22): message : see declaration of 'Vishv::AI::Steering'
C:\Users\bhavi\OneDrive\Desktop\GitHub\Vishv_GameEngine\Vishv_GE\Framework\AI\Inc\SteeringModule.h(23,56): error C2039: 'Pursuit': is not a member of 'Vishv::AI::Steering'
C:\Users\bhavi\OneDrive\Desktop\GitHub\Vishv_GameEngine\Vishv_GE\Framework\AI\Inc\SteeringBehaviour.h(22): message : see declaration of 'Vishv::AI::Steering'
C:\Users\bhavi\OneDrive\Desktop\GitHub\Vishv_GameEngine\Vishv_GE\Framework\AI\Inc\SteeringModule.h(24,56): error C2039: 'Seek': is not a member of 'Vishv::AI::Steering'
C:\Users\bhavi\OneDrive\Desktop\GitHub\Vishv_GameEngine\Vishv_GE\Framework\AI\Inc\SteeringBehaviour.h(22): message : see declaration of 'Vishv::AI::Steering'
C:\Users\bhavi\OneDrive\Desktop\GitHub\Vishv_GameEngine\Vishv_GE\Framework\AI\Inc\SteeringModule.h(25,56): error C2039: 'Wander': is not a member of 'Vishv::AI::Steering'
C:\Users\bhavi\OneDrive\Desktop\GitHub\Vishv_GameEngine\Vishv_GE\Framework\AI\Inc\SteeringBehaviour.h(22): message : see declaration of 'Vishv::AI::Steering'
C:\Users\bhavi\OneDrive\Desktop\GitHub\Vishv_GameEngine\Vishv_GE\Engine\Vishv\Inc\GameWorld.h(41,37): error C2039: 'AABB': is not a member of 'Vishv::Physics::Collision'
C:\Users\bhavi\OneDrive\Desktop\GitHub\Vishv_GameEngine\Vishv_GE\Framework\Physics\Inc\ShapeCollision.h(6): message : see declaration of 'Vishv::Physics::Collision'
C:\Users\bhavi\OneDrive\Desktop\GitHub\Vishv_GameEngine\Vishv_GE\Engine\Vishv\Inc\GameWorld.h(41,41): error C2061: syntax error: identifier 'AABB'
C:\Users\bhavi\OneDrive\Desktop\GitHub\Vishv_GameEngine\Vishv_GE\Engine\Vishv\Inc\ColliderComponent.h(32,20): error C2039: 'mSphere': is not a member of 'Vishv::Physics::SphereCollider'
C:\Users\bhavi\OneDrive\Desktop\GitHub\Vishv_GameEngine\Vishv_GE\Framework\Physics\Inc\SphereCollider.h(9): message : see declaration of 'Vishv::Physics::SphereCollider'
C:\Users\bhavi\OneDrive\Desktop\GitHub\Vishv_GameEngine\Vishv_GE\Engine\Vishv\Inc\QuadTree.h(32,79): error C2039: 'AABB': is not a member of 'Vishv::Physics::Collision'
C:\Users\bhavi\OneDrive\Desktop\GitHub\Vishv_GameEngine\Vishv_GE\Framework\Physics\Inc\ShapeCollision.h(6): message : see declaration of 'Vishv::Physics::Collision'
C:\Users\bhavi\OneDrive\Desktop\GitHub\Vishv_GameEngine\Vishv_GE\Engine\Vishv\Inc\QuadTree.h(32,83): error C2061: syntax error: identifier 'AABB'
C:\Users\bhavi\OneDrive\Desktop\GitHub\Vishv_GameEngine\Vishv_GE\VGP332_AI\01_Hello_PathFinding\MainState.h(42,19): error C2955: 'Vishv::AI::World': use of class template requires template argument list
C:\Users\bhavi\OneDrive\Desktop\GitHub\Vishv_GameEngine\Vishv_GE\Framework\AI\Inc\World.h(9): message : see declaration of 'Vishv::AI::World'
  Generating Code...
