  AttackState.cpp
C:\Users\bhavi\OneDrive\Desktop\GitHub\Vishv_GameEngine\Vishv_GE\Framework\Physics\Inc\Ray.h(7,2): error C2011: 'Vishv::Physics::Ray': 'struct' type redefinition
C:\Users\bhavi\OneDrive\Desktop\GitHub\Vishv_GameEngine\Vishv_GE\Framework\Physics\Inc\RayCast.h(6): message : see declaration of 'Vishv::Physics::Ray'
C:\Users\bhavi\OneDrive\Desktop\GitHub\Vishv_GameEngine\Vishv_GE\Framework\AI\Inc\SteeringModule.h(18,56): error C2039: 'Arrive': is not a member of 'Vishv::AI::Steering'
C:\Users\bhavi\OneDrive\Desktop\GitHub\Vishv_GameEngine\Vishv_GE\Framework\AI\Inc\SteeringBehaviour.h(22): message : see declaration of 'Vishv::AI::Steering'
C:\Users\bhavi\OneDrive\Desktop\GitHub\Vishv_GameEngine\Vishv_GE\Framework\AI\Inc\SteeringModule.h(68): message : see reference to class template instantiation 'Vishv::AI::SteeringModule<AgentType>' being compiled
C:\Users\bhavi\OneDrive\Desktop\GitHub\Vishv_GameEngine\Vishv_GE\Framework\AI\Inc\SteeringModule.h(19,56): error C2039: 'Evade': is not a member of 'Vishv::AI::Steering'
C:\Users\bhavi\OneDrive\Desktop\GitHub\Vishv_GameEngine\Vishv_GE\Framework\AI\Inc\SteeringBehaviour.h(22): message : see declaration of 'Vishv::AI::Steering'
C:\Users\bhavi\OneDrive\Desktop\GitHub\Vishv_GameEngine\Vishv_GE\Framework\AI\Inc\SteeringModule.h(20,56): error C2039: 'Flee': is not a member of 'Vishv::AI::Steering'
C:\Users\bhavi\OneDrive\Desktop\GitHub\Vishv_GameEngine\Vishv_GE\Framework\AI\Inc\SteeringBehaviour.h(22): message : see declaration of 'Vishv::AI::Steering'
C:\Users\bhavi\OneDrive\Desktop\GitHub\Vishv_GameEngine\Vishv_GE\Framework\AI\Inc\SteeringModule.h(21,56): error C2039: 'Flocking': is not a member of 'Vishv::AI::Steering'
C:\Users\bhavi\OneDrive\Desktop\GitHub\Vishv_GameEngine\Vishv_GE\Framework\AI\Inc\SteeringBehaviour.h(22): message : see declaration of 'Vishv::AI::Steering'
C:\Users\bhavi\OneDrive\Desktop\GitHub\Vishv_GameEngine\Vishv_GE\Framework\AI\Inc\SteeringModule.h(22,56): error C2039: 'ObstacleAvoidance': is not a member of 'Vishv::AI::Steering'
C:\Users\bhavi\OneDrive\Desktop\GitHub\Vishv_GameEngine\Vishv_GE\Framework\AI\Inc\SteeringBehaviour.h(22): message : see declaration of 'Vishv::AI::Steering'
C:\Users\bhavi\OneDrive\Desktop\GitHub\Vishv_GameEngine\Vishv_GE\Framework\AI\Inc\SteeringModule.h(23,56): error C2039: 'Pursuit': is not a member of 'Vishv::AI::Steering'
C:\Users\bhavi\OneDrive\Desktop\GitHub\Vishv_GameEngine\Vishv_GE\Framework\AI\Inc\SteeringBehaviour.h(22): message : see declaration of 'Vishv::AI::Steering'
C:\Users\bhavi\OneDrive\Desktop\GitHub\Vishv_GameEngine\Vishv_GE\Framework\AI\Inc\SteeringModule.h(24,56): error C2039: 'Seek': is not a member of 'Vishv::AI::Steering'
C:\Users\bhavi\OneDrive\Desktop\GitHub\Vishv_GameEngine\Vishv_GE\Framework\AI\Inc\SteeringBehaviour.h(22): message : see declaration of 'Vishv::AI::Steering'
C:\Users\bhavi\OneDrive\Desktop\GitHub\Vishv_GameEngine\Vishv_GE\Framework\AI\Inc\SteeringModule.h(25,56): error C2039: 'Wander': is not a member of 'Vishv::AI::Steering'
C:\Users\bhavi\OneDrive\Desktop\GitHub\Vishv_GameEngine\Vishv_GE\Framework\AI\Inc\SteeringBehaviour.h(22): message : see declaration of 'Vishv::AI::Steering'
C:\Users\bhavi\OneDrive\Desktop\GitHub\Vishv_GameEngine\Vishv_GE\Engine\Vishv\Inc\ColliderComponent.h(32,20): error C2039: 'mSphere': is not a member of 'Vishv::Physics::SphereCollider'
C:\Users\bhavi\OneDrive\Desktop\GitHub\Vishv_GameEngine\Vishv_GE\Framework\Physics\Inc\SphereCollider.h(9): message : see declaration of 'Vishv::Physics::SphereCollider'
C:\Users\bhavi\OneDrive\Desktop\GitHub\Vishv_GameEngine\Vishv_GE\Engine\Vishv\Inc\QuadTree.h(32,79): error C2039: 'AABB': is not a member of 'Vishv::Physics::Collision'
C:\Users\bhavi\OneDrive\Desktop\GitHub\Vishv_GameEngine\Vishv_GE\Framework\Physics\Inc\ShapeCollision.h(6): message : see declaration of 'Vishv::Physics::Collision'
C:\Users\bhavi\OneDrive\Desktop\GitHub\Vishv_GameEngine\Vishv_GE\Engine\Vishv\Inc\QuadTree.h(32,83): error C2061: syntax error: identifier 'AABB'
  ChaseState.cpp
C:\Users\bhavi\OneDrive\Desktop\GitHub\Vishv_GameEngine\Vishv_GE\Framework\Physics\Inc\Ray.h(7,2): error C2011: 'Vishv::Physics::Ray': 'struct' type redefinition
C:\Users\bhavi\OneDrive\Desktop\GitHub\Vishv_GameEngine\Vishv_GE\Framework\Physics\Inc\RayCast.h(6): message : see declaration of 'Vishv::Physics::Ray'
C:\Users\bhavi\OneDrive\Desktop\GitHub\Vishv_GameEngine\Vishv_GE\Framework\AI\Inc\SteeringModule.h(18,56): error C2039: 'Arrive': is not a member of 'Vishv::AI::Steering'
C:\Users\bhavi\OneDrive\Desktop\GitHub\Vishv_GameEngine\Vishv_GE\Framework\AI\Inc\SteeringBehaviour.h(22): message : see declaration of 'Vishv::AI::Steering'
C:\Users\bhavi\OneDrive\Desktop\GitHub\Vishv_GameEngine\Vishv_GE\Framework\AI\Inc\SteeringModule.h(68): message : see reference to class template instantiation 'Vishv::AI::SteeringModule<AgentType>' being compiled
C:\Users\bhavi\OneDrive\Desktop\GitHub\Vishv_GameEngine\Vishv_GE\Framework\AI\Inc\SteeringModule.h(19,56): error C2039: 'Evade': is not a member of 'Vishv::AI::Steering'
C:\Users\bhavi\OneDrive\Desktop\GitHub\Vishv_GameEngine\Vishv_GE\Framework\AI\Inc\SteeringBehaviour.h(22): message : see declaration of 'Vishv::AI::Steering'
C:\Users\bhavi\OneDrive\Desktop\GitHub\Vishv_GameEngine\Vishv_GE\Framework\AI\Inc\SteeringModule.h(20,56): error C2039: 'Flee': is not a member of 'Vishv::AI::Steering'
C:\Users\bhavi\OneDrive\Desktop\GitHub\Vishv_GameEngine\Vishv_GE\Framework\AI\Inc\SteeringBehaviour.h(22): message : see declaration of 'Vishv::AI::Steering'
C:\Users\bhavi\OneDrive\Desktop\GitHub\Vishv_GameEngine\Vishv_GE\Framework\AI\Inc\SteeringModule.h(21,56): error C2039: 'Flocking': is not a member of 'Vishv::AI::Steering'
C:\Users\bhavi\OneDrive\Desktop\GitHub\Vishv_GameEngine\Vishv_GE\Framework\AI\Inc\SteeringBehaviour.h(22): message : see declaration of 'Vishv::AI::Steering'
C:\Users\bhavi\OneDrive\Desktop\GitHub\Vishv_GameEngine\Vishv_GE\Framework\AI\Inc\SteeringModule.h(22,56): error C2039: 'ObstacleAvoidance': is not a member of 'Vishv::AI::Steering'
C:\Users\bhavi\OneDrive\Desktop\GitHub\Vishv_GameEngine\Vishv_GE\Framework\AI\Inc\SteeringBehaviour.h(22): message : see declaration of 'Vishv::AI::Steering'
C:\Users\bhavi\OneDrive\Desktop\GitHub\Vishv_GameEngine\Vishv_GE\Framework\AI\Inc\SteeringModule.h(23,56): error C2039: 'Pursuit': is not a member of 'Vishv::AI::Steering'
C:\Users\bhavi\OneDrive\Desktop\GitHub\Vishv_GameEngine\Vishv_GE\Framework\AI\Inc\SteeringBehaviour.h(22): message : see declaration of 'Vishv::AI::Steering'
C:\Users\bhavi\OneDrive\Desktop\GitHub\Vishv_GameEngine\Vishv_GE\Framework\AI\Inc\SteeringModule.h(24,56): error C2039: 'Seek': is not a member of 'Vishv::AI::Steering'
C:\Users\bhavi\OneDrive\Desktop\GitHub\Vishv_GameEngine\Vishv_GE\Framework\AI\Inc\SteeringBehaviour.h(22): message : see declaration of 'Vishv::AI::Steering'
C:\Users\bhavi\OneDrive\Desktop\GitHub\Vishv_GameEngine\Vishv_GE\Framework\AI\Inc\SteeringModule.h(25,56): error C2039: 'Wander': is not a member of 'Vishv::AI::Steering'
C:\Users\bhavi\OneDrive\Desktop\GitHub\Vishv_GameEngine\Vishv_GE\Framework\AI\Inc\SteeringBehaviour.h(22): message : see declaration of 'Vishv::AI::Steering'
C:\Users\bhavi\OneDrive\Desktop\GitHub\Vishv_GameEngine\Vishv_GE\Engine\Vishv\Inc\ColliderComponent.h(32,20): error C2039: 'mSphere': is not a member of 'Vishv::Physics::SphereCollider'
C:\Users\bhavi\OneDrive\Desktop\GitHub\Vishv_GameEngine\Vishv_GE\Framework\Physics\Inc\SphereCollider.h(9): message : see declaration of 'Vishv::Physics::SphereCollider'
C:\Users\bhavi\OneDrive\Desktop\GitHub\Vishv_GameEngine\Vishv_GE\Engine\Vishv\Inc\QuadTree.h(32,79): error C2039: 'AABB': is not a member of 'Vishv::Physics::Collision'
C:\Users\bhavi\OneDrive\Desktop\GitHub\Vishv_GameEngine\Vishv_GE\Framework\Physics\Inc\ShapeCollision.h(6): message : see declaration of 'Vishv::Physics::Collision'
C:\Users\bhavi\OneDrive\Desktop\GitHub\Vishv_GameEngine\Vishv_GE\Engine\Vishv\Inc\QuadTree.h(32,83): error C2061: syntax error: identifier 'AABB'
  DyingState.cpp
C:\Users\bhavi\OneDrive\Desktop\GitHub\Vishv_GameEngine\Vishv_GE\Framework\Physics\Inc\Ray.h(7,2): error C2011: 'Vishv::Physics::Ray': 'struct' type redefinition
C:\Users\bhavi\OneDrive\Desktop\GitHub\Vishv_GameEngine\Vishv_GE\Framework\Physics\Inc\RayCast.h(6): message : see declaration of 'Vishv::Physics::Ray'
C:\Users\bhavi\OneDrive\Desktop\GitHub\Vishv_GameEngine\Vishv_GE\Framework\AI\Inc\SteeringModule.h(18,56): error C2039: 'Arrive': is not a member of 'Vishv::AI::Steering'
C:\Users\bhavi\OneDrive\Desktop\GitHub\Vishv_GameEngine\Vishv_GE\Framework\AI\Inc\SteeringBehaviour.h(22): message : see declaration of 'Vishv::AI::Steering'
C:\Users\bhavi\OneDrive\Desktop\GitHub\Vishv_GameEngine\Vishv_GE\Framework\AI\Inc\SteeringModule.h(68): message : see reference to class template instantiation 'Vishv::AI::SteeringModule<AgentType>' being compiled
C:\Users\bhavi\OneDrive\Desktop\GitHub\Vishv_GameEngine\Vishv_GE\Framework\AI\Inc\SteeringModule.h(19,56): error C2039: 'Evade': is not a member of 'Vishv::AI::Steering'
C:\Users\bhavi\OneDrive\Desktop\GitHub\Vishv_GameEngine\Vishv_GE\Framework\AI\Inc\SteeringBehaviour.h(22): message : see declaration of 'Vishv::AI::Steering'
C:\Users\bhavi\OneDrive\Desktop\GitHub\Vishv_GameEngine\Vishv_GE\Framework\AI\Inc\SteeringModule.h(20,56): error C2039: 'Flee': is not a member of 'Vishv::AI::Steering'
C:\Users\bhavi\OneDrive\Desktop\GitHub\Vishv_GameEngine\Vishv_GE\Framework\AI\Inc\SteeringBehaviour.h(22): message : see declaration of 'Vishv::AI::Steering'
C:\Users\bhavi\OneDrive\Desktop\GitHub\Vishv_GameEngine\Vishv_GE\Framework\AI\Inc\SteeringModule.h(21,56): error C2039: 'Flocking': is not a member of 'Vishv::AI::Steering'
C:\Users\bhavi\OneDrive\Desktop\GitHub\Vishv_GameEngine\Vishv_GE\Framework\AI\Inc\SteeringBehaviour.h(22): message : see declaration of 'Vishv::AI::Steering'
C:\Users\bhavi\OneDrive\Desktop\GitHub\Vishv_GameEngine\Vishv_GE\Framework\AI\Inc\SteeringModule.h(22,56): error C2039: 'ObstacleAvoidance': is not a member of 'Vishv::AI::Steering'
C:\Users\bhavi\OneDrive\Desktop\GitHub\Vishv_GameEngine\Vishv_GE\Framework\AI\Inc\SteeringBehaviour.h(22): message : see declaration of 'Vishv::AI::Steering'
C:\Users\bhavi\OneDrive\Desktop\GitHub\Vishv_GameEngine\Vishv_GE\Framework\AI\Inc\SteeringModule.h(23,56): error C2039: 'Pursuit': is not a member of 'Vishv::AI::Steering'
C:\Users\bhavi\OneDrive\Desktop\GitHub\Vishv_GameEngine\Vishv_GE\Framework\AI\Inc\SteeringBehaviour.h(22): message : see declaration of 'Vishv::AI::Steering'
C:\Users\bhavi\OneDrive\Desktop\GitHub\Vishv_GameEngine\Vishv_GE\Framework\AI\Inc\SteeringModule.h(24,56): error C2039: 'Seek': is not a member of 'Vishv::AI::Steering'
C:\Users\bhavi\OneDrive\Desktop\GitHub\Vishv_GameEngine\Vishv_GE\Framework\AI\Inc\SteeringBehaviour.h(22): message : see declaration of 'Vishv::AI::Steering'
C:\Users\bhavi\OneDrive\Desktop\GitHub\Vishv_GameEngine\Vishv_GE\Framework\AI\Inc\SteeringModule.h(25,56): error C2039: 'Wander': is not a member of 'Vishv::AI::Steering'
C:\Users\bhavi\OneDrive\Desktop\GitHub\Vishv_GameEngine\Vishv_GE\Framework\AI\Inc\SteeringBehaviour.h(22): message : see declaration of 'Vishv::AI::Steering'
C:\Users\bhavi\OneDrive\Desktop\GitHub\Vishv_GameEngine\Vishv_GE\Engine\Vishv\Inc\ColliderComponent.h(32,20): error C2039: 'mSphere': is not a member of 'Vishv::Physics::SphereCollider'
C:\Users\bhavi\OneDrive\Desktop\GitHub\Vishv_GameEngine\Vishv_GE\Framework\Physics\Inc\SphereCollider.h(9): message : see declaration of 'Vishv::Physics::SphereCollider'
C:\Users\bhavi\OneDrive\Desktop\GitHub\Vishv_GameEngine\Vishv_GE\Engine\Vishv\Inc\QuadTree.h(32,79): error C2039: 'AABB': is not a member of 'Vishv::Physics::Collision'
C:\Users\bhavi\OneDrive\Desktop\GitHub\Vishv_GameEngine\Vishv_GE\Framework\Physics\Inc\ShapeCollision.h(6): message : see declaration of 'Vishv::Physics::Collision'
C:\Users\bhavi\OneDrive\Desktop\GitHub\Vishv_GameEngine\Vishv_GE\Engine\Vishv\Inc\QuadTree.h(32,83): error C2061: syntax error: identifier 'AABB'
  EmptyState.cpp
C:\Users\bhavi\OneDrive\Desktop\GitHub\Vishv_GameEngine\Vishv_GE\Framework\Physics\Inc\Ray.h(7,2): error C2011: 'Vishv::Physics::Ray': 'struct' type redefinition
C:\Users\bhavi\OneDrive\Desktop\GitHub\Vishv_GameEngine\Vishv_GE\Framework\Physics\Inc\RayCast.h(6): message : see declaration of 'Vishv::Physics::Ray'
C:\Users\bhavi\OneDrive\Desktop\GitHub\Vishv_GameEngine\Vishv_GE\Framework\AI\Inc\SteeringModule.h(18,56): error C2039: 'Arrive': is not a member of 'Vishv::AI::Steering'
C:\Users\bhavi\OneDrive\Desktop\GitHub\Vishv_GameEngine\Vishv_GE\Framework\AI\Inc\SteeringBehaviour.h(22): message : see declaration of 'Vishv::AI::Steering'
C:\Users\bhavi\OneDrive\Desktop\GitHub\Vishv_GameEngine\Vishv_GE\Framework\AI\Inc\SteeringModule.h(68): message : see reference to class template instantiation 'Vishv::AI::SteeringModule<AgentType>' being compiled
C:\Users\bhavi\OneDrive\Desktop\GitHub\Vishv_GameEngine\Vishv_GE\Framework\AI\Inc\SteeringModule.h(19,56): error C2039: 'Evade': is not a member of 'Vishv::AI::Steering'
C:\Users\bhavi\OneDrive\Desktop\GitHub\Vishv_GameEngine\Vishv_GE\Framework\AI\Inc\SteeringBehaviour.h(22): message : see declaration of 'Vishv::AI::Steering'
C:\Users\bhavi\OneDrive\Desktop\GitHub\Vishv_GameEngine\Vishv_GE\Framework\AI\Inc\SteeringModule.h(20,56): error C2039: 'Flee': is not a member of 'Vishv::AI::Steering'
C:\Users\bhavi\OneDrive\Desktop\GitHub\Vishv_GameEngine\Vishv_GE\Framework\AI\Inc\SteeringBehaviour.h(22): message : see declaration of 'Vishv::AI::Steering'
C:\Users\bhavi\OneDrive\Desktop\GitHub\Vishv_GameEngine\Vishv_GE\Framework\AI\Inc\SteeringModule.h(21,56): error C2039: 'Flocking': is not a member of 'Vishv::AI::Steering'
C:\Users\bhavi\OneDrive\Desktop\GitHub\Vishv_GameEngine\Vishv_GE\Framework\AI\Inc\SteeringBehaviour.h(22): message : see declaration of 'Vishv::AI::Steering'
C:\Users\bhavi\OneDrive\Desktop\GitHub\Vishv_GameEngine\Vishv_GE\Framework\AI\Inc\SteeringModule.h(22,56): error C2039: 'ObstacleAvoidance': is not a member of 'Vishv::AI::Steering'
C:\Users\bhavi\OneDrive\Desktop\GitHub\Vishv_GameEngine\Vishv_GE\Framework\AI\Inc\SteeringBehaviour.h(22): message : see declaration of 'Vishv::AI::Steering'
C:\Users\bhavi\OneDrive\Desktop\GitHub\Vishv_GameEngine\Vishv_GE\Framework\AI\Inc\SteeringModule.h(23,56): error C2039: 'Pursuit': is not a member of 'Vishv::AI::Steering'
C:\Users\bhavi\OneDrive\Desktop\GitHub\Vishv_GameEngine\Vishv_GE\Framework\AI\Inc\SteeringBehaviour.h(22): message : see declaration of 'Vishv::AI::Steering'
C:\Users\bhavi\OneDrive\Desktop\GitHub\Vishv_GameEngine\Vishv_GE\Framework\AI\Inc\SteeringModule.h(24,56): error C2039: 'Seek': is not a member of 'Vishv::AI::Steering'
C:\Users\bhavi\OneDrive\Desktop\GitHub\Vishv_GameEngine\Vishv_GE\Framework\AI\Inc\SteeringBehaviour.h(22): message : see declaration of 'Vishv::AI::Steering'
C:\Users\bhavi\OneDrive\Desktop\GitHub\Vishv_GameEngine\Vishv_GE\Framework\AI\Inc\SteeringModule.h(25,56): error C2039: 'Wander': is not a member of 'Vishv::AI::Steering'
C:\Users\bhavi\OneDrive\Desktop\GitHub\Vishv_GameEngine\Vishv_GE\Framework\AI\Inc\SteeringBehaviour.h(22): message : see declaration of 'Vishv::AI::Steering'
C:\Users\bhavi\OneDrive\Desktop\GitHub\Vishv_GameEngine\Vishv_GE\Engine\Vishv\Inc\ColliderComponent.h(32,20): error C2039: 'mSphere': is not a member of 'Vishv::Physics::SphereCollider'
C:\Users\bhavi\OneDrive\Desktop\GitHub\Vishv_GameEngine\Vishv_GE\Framework\Physics\Inc\SphereCollider.h(9): message : see declaration of 'Vishv::Physics::SphereCollider'
C:\Users\bhavi\OneDrive\Desktop\GitHub\Vishv_GameEngine\Vishv_GE\Engine\Vishv\Inc\QuadTree.h(32,79): error C2039: 'AABB': is not a member of 'Vishv::Physics::Collision'
C:\Users\bhavi\OneDrive\Desktop\GitHub\Vishv_GameEngine\Vishv_GE\Framework\Physics\Inc\ShapeCollision.h(6): message : see declaration of 'Vishv::Physics::Collision'
C:\Users\bhavi\OneDrive\Desktop\GitHub\Vishv_GameEngine\Vishv_GE\Engine\Vishv\Inc\QuadTree.h(32,83): error C2061: syntax error: identifier 'AABB'
  GameWorldCreator.cpp
C:\Users\bhavi\OneDrive\Desktop\GitHub\Vishv_GameEngine\Vishv_GE\Framework\Physics\Inc\Ray.h(7,2): error C2011: 'Vishv::Physics::Ray': 'struct' type redefinition
C:\Users\bhavi\OneDrive\Desktop\GitHub\Vishv_GameEngine\Vishv_GE\Framework\Physics\Inc\RayCast.h(6): message : see declaration of 'Vishv::Physics::Ray'
C:\Users\bhavi\OneDrive\Desktop\GitHub\Vishv_GameEngine\Vishv_GE\Framework\AI\Inc\SteeringModule.h(18,56): error C2039: 'Arrive': is not a member of 'Vishv::AI::Steering'
C:\Users\bhavi\OneDrive\Desktop\GitHub\Vishv_GameEngine\Vishv_GE\Framework\AI\Inc\SteeringBehaviour.h(22): message : see declaration of 'Vishv::AI::Steering'
C:\Users\bhavi\OneDrive\Desktop\GitHub\Vishv_GameEngine\Vishv_GE\Framework\AI\Inc\SteeringModule.h(68): message : see reference to class template instantiation 'Vishv::AI::SteeringModule<AgentType>' being compiled
C:\Users\bhavi\OneDrive\Desktop\GitHub\Vishv_GameEngine\Vishv_GE\Framework\AI\Inc\SteeringModule.h(19,56): error C2039: 'Evade': is not a member of 'Vishv::AI::Steering'
C:\Users\bhavi\OneDrive\Desktop\GitHub\Vishv_GameEngine\Vishv_GE\Framework\AI\Inc\SteeringBehaviour.h(22): message : see declaration of 'Vishv::AI::Steering'
C:\Users\bhavi\OneDrive\Desktop\GitHub\Vishv_GameEngine\Vishv_GE\Framework\AI\Inc\SteeringModule.h(20,56): error C2039: 'Flee': is not a member of 'Vishv::AI::Steering'
C:\Users\bhavi\OneDrive\Desktop\GitHub\Vishv_GameEngine\Vishv_GE\Framework\AI\Inc\SteeringBehaviour.h(22): message : see declaration of 'Vishv::AI::Steering'
C:\Users\bhavi\OneDrive\Desktop\GitHub\Vishv_GameEngine\Vishv_GE\Framework\AI\Inc\SteeringModule.h(21,56): error C2039: 'Flocking': is not a member of 'Vishv::AI::Steering'
C:\Users\bhavi\OneDrive\Desktop\GitHub\Vishv_GameEngine\Vishv_GE\Framework\AI\Inc\SteeringBehaviour.h(22): message : see declaration of 'Vishv::AI::Steering'
C:\Users\bhavi\OneDrive\Desktop\GitHub\Vishv_GameEngine\Vishv_GE\Framework\AI\Inc\SteeringModule.h(22,56): error C2039: 'ObstacleAvoidance': is not a member of 'Vishv::AI::Steering'
C:\Users\bhavi\OneDrive\Desktop\GitHub\Vishv_GameEngine\Vishv_GE\Framework\AI\Inc\SteeringBehaviour.h(22): message : see declaration of 'Vishv::AI::Steering'
C:\Users\bhavi\OneDrive\Desktop\GitHub\Vishv_GameEngine\Vishv_GE\Framework\AI\Inc\SteeringModule.h(23,56): error C2039: 'Pursuit': is not a member of 'Vishv::AI::Steering'
C:\Users\bhavi\OneDrive\Desktop\GitHub\Vishv_GameEngine\Vishv_GE\Framework\AI\Inc\SteeringBehaviour.h(22): message : see declaration of 'Vishv::AI::Steering'
C:\Users\bhavi\OneDrive\Desktop\GitHub\Vishv_GameEngine\Vishv_GE\Framework\AI\Inc\SteeringModule.h(24,56): error C2039: 'Seek': is not a member of 'Vishv::AI::Steering'
C:\Users\bhavi\OneDrive\Desktop\GitHub\Vishv_GameEngine\Vishv_GE\Framework\AI\Inc\SteeringBehaviour.h(22): message : see declaration of 'Vishv::AI::Steering'
C:\Users\bhavi\OneDrive\Desktop\GitHub\Vishv_GameEngine\Vishv_GE\Framework\AI\Inc\SteeringModule.h(25,56): error C2039: 'Wander': is not a member of 'Vishv::AI::Steering'
C:\Users\bhavi\OneDrive\Desktop\GitHub\Vishv_GameEngine\Vishv_GE\Framework\AI\Inc\SteeringBehaviour.h(22): message : see declaration of 'Vishv::AI::Steering'
C:\Users\bhavi\OneDrive\Desktop\GitHub\Vishv_GameEngine\Vishv_GE\Engine\Vishv\Inc\ColliderComponent.h(32,20): error C2039: 'mSphere': is not a member of 'Vishv::Physics::SphereCollider'
C:\Users\bhavi\OneDrive\Desktop\GitHub\Vishv_GameEngine\Vishv_GE\Framework\Physics\Inc\SphereCollider.h(9): message : see declaration of 'Vishv::Physics::SphereCollider'
C:\Users\bhavi\OneDrive\Desktop\GitHub\Vishv_GameEngine\Vishv_GE\Engine\Vishv\Inc\QuadTree.h(32,79): error C2039: 'AABB': is not a member of 'Vishv::Physics::Collision'
C:\Users\bhavi\OneDrive\Desktop\GitHub\Vishv_GameEngine\Vishv_GE\Framework\Physics\Inc\ShapeCollision.h(6): message : see declaration of 'Vishv::Physics::Collision'
C:\Users\bhavi\OneDrive\Desktop\GitHub\Vishv_GameEngine\Vishv_GE\Engine\Vishv\Inc\QuadTree.h(32,83): error C2061: syntax error: identifier 'AABB'
  HealthComponent.cpp
C:\Users\bhavi\OneDrive\Desktop\GitHub\Vishv_GameEngine\Vishv_GE\Framework\Physics\Inc\Ray.h(7,2): error C2011: 'Vishv::Physics::Ray': 'struct' type redefinition
C:\Users\bhavi\OneDrive\Desktop\GitHub\Vishv_GameEngine\Vishv_GE\Framework\Physics\Inc\RayCast.h(6): message : see declaration of 'Vishv::Physics::Ray'
C:\Users\bhavi\OneDrive\Desktop\GitHub\Vishv_GameEngine\Vishv_GE\Framework\AI\Inc\SteeringModule.h(18,56): error C2039: 'Arrive': is not a member of 'Vishv::AI::Steering'
C:\Users\bhavi\OneDrive\Desktop\GitHub\Vishv_GameEngine\Vishv_GE\Framework\AI\Inc\SteeringBehaviour.h(22): message : see declaration of 'Vishv::AI::Steering'
C:\Users\bhavi\OneDrive\Desktop\GitHub\Vishv_GameEngine\Vishv_GE\Framework\AI\Inc\SteeringModule.h(68): message : see reference to class template instantiation 'Vishv::AI::SteeringModule<AgentType>' being compiled
C:\Users\bhavi\OneDrive\Desktop\GitHub\Vishv_GameEngine\Vishv_GE\Framework\AI\Inc\SteeringModule.h(19,56): error C2039: 'Evade': is not a member of 'Vishv::AI::Steering'
C:\Users\bhavi\OneDrive\Desktop\GitHub\Vishv_GameEngine\Vishv_GE\Framework\AI\Inc\SteeringBehaviour.h(22): message : see declaration of 'Vishv::AI::Steering'
C:\Users\bhavi\OneDrive\Desktop\GitHub\Vishv_GameEngine\Vishv_GE\Framework\AI\Inc\SteeringModule.h(20,56): error C2039: 'Flee': is not a member of 'Vishv::AI::Steering'
C:\Users\bhavi\OneDrive\Desktop\GitHub\Vishv_GameEngine\Vishv_GE\Framework\AI\Inc\SteeringBehaviour.h(22): message : see declaration of 'Vishv::AI::Steering'
C:\Users\bhavi\OneDrive\Desktop\GitHub\Vishv_GameEngine\Vishv_GE\Framework\AI\Inc\SteeringModule.h(21,56): error C2039: 'Flocking': is not a member of 'Vishv::AI::Steering'
C:\Users\bhavi\OneDrive\Desktop\GitHub\Vishv_GameEngine\Vishv_GE\Framework\AI\Inc\SteeringBehaviour.h(22): message : see declaration of 'Vishv::AI::Steering'
C:\Users\bhavi\OneDrive\Desktop\GitHub\Vishv_GameEngine\Vishv_GE\Framework\AI\Inc\SteeringModule.h(22,56): error C2039: 'ObstacleAvoidance': is not a member of 'Vishv::AI::Steering'
C:\Users\bhavi\OneDrive\Desktop\GitHub\Vishv_GameEngine\Vishv_GE\Framework\AI\Inc\SteeringBehaviour.h(22): message : see declaration of 'Vishv::AI::Steering'
C:\Users\bhavi\OneDrive\Desktop\GitHub\Vishv_GameEngine\Vishv_GE\Framework\AI\Inc\SteeringModule.h(23,56): error C2039: 'Pursuit': is not a member of 'Vishv::AI::Steering'
C:\Users\bhavi\OneDrive\Desktop\GitHub\Vishv_GameEngine\Vishv_GE\Framework\AI\Inc\SteeringBehaviour.h(22): message : see declaration of 'Vishv::AI::Steering'
C:\Users\bhavi\OneDrive\Desktop\GitHub\Vishv_GameEngine\Vishv_GE\Framework\AI\Inc\SteeringModule.h(24,56): error C2039: 'Seek': is not a member of 'Vishv::AI::Steering'
C:\Users\bhavi\OneDrive\Desktop\GitHub\Vishv_GameEngine\Vishv_GE\Framework\AI\Inc\SteeringBehaviour.h(22): message : see declaration of 'Vishv::AI::Steering'
C:\Users\bhavi\OneDrive\Desktop\GitHub\Vishv_GameEngine\Vishv_GE\Framework\AI\Inc\SteeringModule.h(25,56): error C2039: 'Wander': is not a member of 'Vishv::AI::Steering'
C:\Users\bhavi\OneDrive\Desktop\GitHub\Vishv_GameEngine\Vishv_GE\Framework\AI\Inc\SteeringBehaviour.h(22): message : see declaration of 'Vishv::AI::Steering'
C:\Users\bhavi\OneDrive\Desktop\GitHub\Vishv_GameEngine\Vishv_GE\Engine\Vishv\Inc\ColliderComponent.h(32,20): error C2039: 'mSphere': is not a member of 'Vishv::Physics::SphereCollider'
C:\Users\bhavi\OneDrive\Desktop\GitHub\Vishv_GameEngine\Vishv_GE\Framework\Physics\Inc\SphereCollider.h(9): message : see declaration of 'Vishv::Physics::SphereCollider'
C:\Users\bhavi\OneDrive\Desktop\GitHub\Vishv_GameEngine\Vishv_GE\Engine\Vishv\Inc\QuadTree.h(32,79): error C2039: 'AABB': is not a member of 'Vishv::Physics::Collision'
C:\Users\bhavi\OneDrive\Desktop\GitHub\Vishv_GameEngine\Vishv_GE\Framework\Physics\Inc\ShapeCollision.h(6): message : see declaration of 'Vishv::Physics::Collision'
C:\Users\bhavi\OneDrive\Desktop\GitHub\Vishv_GameEngine\Vishv_GE\Engine\Vishv\Inc\QuadTree.h(32,83): error C2061: syntax error: identifier 'AABB'
  MainState.cpp
C:\Users\bhavi\OneDrive\Desktop\GitHub\Vishv_GameEngine\Vishv_GE\Framework\Physics\Inc\Ray.h(7,2): error C2011: 'Vishv::Physics::Ray': 'struct' type redefinition
C:\Users\bhavi\OneDrive\Desktop\GitHub\Vishv_GameEngine\Vishv_GE\Framework\Physics\Inc\RayCast.h(6): message : see declaration of 'Vishv::Physics::Ray'
C:\Users\bhavi\OneDrive\Desktop\GitHub\Vishv_GameEngine\Vishv_GE\Framework\AI\Inc\SteeringModule.h(18,56): error C2039: 'Arrive': is not a member of 'Vishv::AI::Steering'
C:\Users\bhavi\OneDrive\Desktop\GitHub\Vishv_GameEngine\Vishv_GE\Framework\AI\Inc\SteeringBehaviour.h(22): message : see declaration of 'Vishv::AI::Steering'
C:\Users\bhavi\OneDrive\Desktop\GitHub\Vishv_GameEngine\Vishv_GE\Framework\AI\Inc\SteeringModule.h(68): message : see reference to class template instantiation 'Vishv::AI::SteeringModule<AgentType>' being compiled
C:\Users\bhavi\OneDrive\Desktop\GitHub\Vishv_GameEngine\Vishv_GE\Framework\AI\Inc\SteeringModule.h(19,56): error C2039: 'Evade': is not a member of 'Vishv::AI::Steering'
C:\Users\bhavi\OneDrive\Desktop\GitHub\Vishv_GameEngine\Vishv_GE\Framework\AI\Inc\SteeringBehaviour.h(22): message : see declaration of 'Vishv::AI::Steering'
C:\Users\bhavi\OneDrive\Desktop\GitHub\Vishv_GameEngine\Vishv_GE\Framework\AI\Inc\SteeringModule.h(20,56): error C2039: 'Flee': is not a member of 'Vishv::AI::Steering'
C:\Users\bhavi\OneDrive\Desktop\GitHub\Vishv_GameEngine\Vishv_GE\Framework\AI\Inc\SteeringBehaviour.h(22): message : see declaration of 'Vishv::AI::Steering'
C:\Users\bhavi\OneDrive\Desktop\GitHub\Vishv_GameEngine\Vishv_GE\Framework\AI\Inc\SteeringModule.h(21,56): error C2039: 'Flocking': is not a member of 'Vishv::AI::Steering'
C:\Users\bhavi\OneDrive\Desktop\GitHub\Vishv_GameEngine\Vishv_GE\Framework\AI\Inc\SteeringBehaviour.h(22): message : see declaration of 'Vishv::AI::Steering'
C:\Users\bhavi\OneDrive\Desktop\GitHub\Vishv_GameEngine\Vishv_GE\Framework\AI\Inc\SteeringModule.h(22,56): error C2039: 'ObstacleAvoidance': is not a member of 'Vishv::AI::Steering'
C:\Users\bhavi\OneDrive\Desktop\GitHub\Vishv_GameEngine\Vishv_GE\Framework\AI\Inc\SteeringBehaviour.h(22): message : see declaration of 'Vishv::AI::Steering'
C:\Users\bhavi\OneDrive\Desktop\GitHub\Vishv_GameEngine\Vishv_GE\Framework\AI\Inc\SteeringModule.h(23,56): error C2039: 'Pursuit': is not a member of 'Vishv::AI::Steering'
C:\Users\bhavi\OneDrive\Desktop\GitHub\Vishv_GameEngine\Vishv_GE\Framework\AI\Inc\SteeringBehaviour.h(22): message : see declaration of 'Vishv::AI::Steering'
C:\Users\bhavi\OneDrive\Desktop\GitHub\Vishv_GameEngine\Vishv_GE\Framework\AI\Inc\SteeringModule.h(24,56): error C2039: 'Seek': is not a member of 'Vishv::AI::Steering'
C:\Users\bhavi\OneDrive\Desktop\GitHub\Vishv_GameEngine\Vishv_GE\Framework\AI\Inc\SteeringBehaviour.h(22): message : see declaration of 'Vishv::AI::Steering'
C:\Users\bhavi\OneDrive\Desktop\GitHub\Vishv_GameEngine\Vishv_GE\Framework\AI\Inc\SteeringModule.h(25,56): error C2039: 'Wander': is not a member of 'Vishv::AI::Steering'
C:\Users\bhavi\OneDrive\Desktop\GitHub\Vishv_GameEngine\Vishv_GE\Framework\AI\Inc\SteeringBehaviour.h(22): message : see declaration of 'Vishv::AI::Steering'
C:\Users\bhavi\OneDrive\Desktop\GitHub\Vishv_GameEngine\Vishv_GE\Engine\Vishv\Inc\ColliderComponent.h(32,20): error C2039: 'mSphere': is not a member of 'Vishv::Physics::SphereCollider'
C:\Users\bhavi\OneDrive\Desktop\GitHub\Vishv_GameEngine\Vishv_GE\Framework\Physics\Inc\SphereCollider.h(9): message : see declaration of 'Vishv::Physics::SphereCollider'
C:\Users\bhavi\OneDrive\Desktop\GitHub\Vishv_GameEngine\Vishv_GE\Engine\Vishv\Inc\QuadTree.h(32,79): error C2039: 'AABB': is not a member of 'Vishv::Physics::Collision'
C:\Users\bhavi\OneDrive\Desktop\GitHub\Vishv_GameEngine\Vishv_GE\Framework\Physics\Inc\ShapeCollision.h(6): message : see declaration of 'Vishv::Physics::Collision'
C:\Users\bhavi\OneDrive\Desktop\GitHub\Vishv_GameEngine\Vishv_GE\Engine\Vishv\Inc\QuadTree.h(32,83): error C2061: syntax error: identifier 'AABB'
  MetaRegistration.cpp
C:\Users\bhavi\OneDrive\Desktop\GitHub\Vishv_GameEngine\Vishv_GE\Framework\Physics\Inc\Ray.h(7,2): error C2011: 'Vishv::Physics::Ray': 'struct' type redefinition
C:\Users\bhavi\OneDrive\Desktop\GitHub\Vishv_GameEngine\Vishv_GE\Framework\Physics\Inc\RayCast.h(6): message : see declaration of 'Vishv::Physics::Ray'
C:\Users\bhavi\OneDrive\Desktop\GitHub\Vishv_GameEngine\Vishv_GE\Framework\AI\Inc\SteeringModule.h(18,56): error C2039: 'Arrive': is not a member of 'Vishv::AI::Steering'
C:\Users\bhavi\OneDrive\Desktop\GitHub\Vishv_GameEngine\Vishv_GE\Framework\AI\Inc\SteeringBehaviour.h(22): message : see declaration of 'Vishv::AI::Steering'
C:\Users\bhavi\OneDrive\Desktop\GitHub\Vishv_GameEngine\Vishv_GE\Framework\AI\Inc\SteeringModule.h(68): message : see reference to class template instantiation 'Vishv::AI::SteeringModule<AgentType>' being compiled
C:\Users\bhavi\OneDrive\Desktop\GitHub\Vishv_GameEngine\Vishv_GE\Framework\AI\Inc\SteeringModule.h(19,56): error C2039: 'Evade': is not a member of 'Vishv::AI::Steering'
C:\Users\bhavi\OneDrive\Desktop\GitHub\Vishv_GameEngine\Vishv_GE\Framework\AI\Inc\SteeringBehaviour.h(22): message : see declaration of 'Vishv::AI::Steering'
C:\Users\bhavi\OneDrive\Desktop\GitHub\Vishv_GameEngine\Vishv_GE\Framework\AI\Inc\SteeringModule.h(20,56): error C2039: 'Flee': is not a member of 'Vishv::AI::Steering'
C:\Users\bhavi\OneDrive\Desktop\GitHub\Vishv_GameEngine\Vishv_GE\Framework\AI\Inc\SteeringBehaviour.h(22): message : see declaration of 'Vishv::AI::Steering'
C:\Users\bhavi\OneDrive\Desktop\GitHub\Vishv_GameEngine\Vishv_GE\Framework\AI\Inc\SteeringModule.h(21,56): error C2039: 'Flocking': is not a member of 'Vishv::AI::Steering'
C:\Users\bhavi\OneDrive\Desktop\GitHub\Vishv_GameEngine\Vishv_GE\Framework\AI\Inc\SteeringBehaviour.h(22): message : see declaration of 'Vishv::AI::Steering'
C:\Users\bhavi\OneDrive\Desktop\GitHub\Vishv_GameEngine\Vishv_GE\Framework\AI\Inc\SteeringModule.h(22,56): error C2039: 'ObstacleAvoidance': is not a member of 'Vishv::AI::Steering'
C:\Users\bhavi\OneDrive\Desktop\GitHub\Vishv_GameEngine\Vishv_GE\Framework\AI\Inc\SteeringBehaviour.h(22): message : see declaration of 'Vishv::AI::Steering'
C:\Users\bhavi\OneDrive\Desktop\GitHub\Vishv_GameEngine\Vishv_GE\Framework\AI\Inc\SteeringModule.h(23,56): error C2039: 'Pursuit': is not a member of 'Vishv::AI::Steering'
C:\Users\bhavi\OneDrive\Desktop\GitHub\Vishv_GameEngine\Vishv_GE\Framework\AI\Inc\SteeringBehaviour.h(22): message : see declaration of 'Vishv::AI::Steering'
C:\Users\bhavi\OneDrive\Desktop\GitHub\Vishv_GameEngine\Vishv_GE\Framework\AI\Inc\SteeringModule.h(24,56): error C2039: 'Seek': is not a member of 'Vishv::AI::Steering'
C:\Users\bhavi\OneDrive\Desktop\GitHub\Vishv_GameEngine\Vishv_GE\Framework\AI\Inc\SteeringBehaviour.h(22): message : see declaration of 'Vishv::AI::Steering'
C:\Users\bhavi\OneDrive\Desktop\GitHub\Vishv_GameEngine\Vishv_GE\Framework\AI\Inc\SteeringModule.h(25,56): error C2039: 'Wander': is not a member of 'Vishv::AI::Steering'
C:\Users\bhavi\OneDrive\Desktop\GitHub\Vishv_GameEngine\Vishv_GE\Framework\AI\Inc\SteeringBehaviour.h(22): message : see declaration of 'Vishv::AI::Steering'
C:\Users\bhavi\OneDrive\Desktop\GitHub\Vishv_GameEngine\Vishv_GE\Engine\Vishv\Inc\ColliderComponent.h(32,20): error C2039: 'mSphere': is not a member of 'Vishv::Physics::SphereCollider'
C:\Users\bhavi\OneDrive\Desktop\GitHub\Vishv_GameEngine\Vishv_GE\Framework\Physics\Inc\SphereCollider.h(9): message : see declaration of 'Vishv::Physics::SphereCollider'
C:\Users\bhavi\OneDrive\Desktop\GitHub\Vishv_GameEngine\Vishv_GE\Engine\Vishv\Inc\QuadTree.h(32,79): error C2039: 'AABB': is not a member of 'Vishv::Physics::Collision'
C:\Users\bhavi\OneDrive\Desktop\GitHub\Vishv_GameEngine\Vishv_GE\Framework\Physics\Inc\ShapeCollision.h(6): message : see declaration of 'Vishv::Physics::Collision'
C:\Users\bhavi\OneDrive\Desktop\GitHub\Vishv_GameEngine\Vishv_GE\Engine\Vishv\Inc\QuadTree.h(32,83): error C2061: syntax error: identifier 'AABB'
  PlayerManager.cpp
C:\Users\bhavi\OneDrive\Desktop\GitHub\Vishv_GameEngine\Vishv_GE\Framework\Physics\Inc\Ray.h(7,2): error C2011: 'Vishv::Physics::Ray': 'struct' type redefinition
C:\Users\bhavi\OneDrive\Desktop\GitHub\Vishv_GameEngine\Vishv_GE\Framework\Physics\Inc\RayCast.h(6): message : see declaration of 'Vishv::Physics::Ray'
C:\Users\bhavi\OneDrive\Desktop\GitHub\Vishv_GameEngine\Vishv_GE\Framework\AI\Inc\SteeringModule.h(18,56): error C2039: 'Arrive': is not a member of 'Vishv::AI::Steering'
C:\Users\bhavi\OneDrive\Desktop\GitHub\Vishv_GameEngine\Vishv_GE\Framework\AI\Inc\SteeringBehaviour.h(22): message : see declaration of 'Vishv::AI::Steering'
C:\Users\bhavi\OneDrive\Desktop\GitHub\Vishv_GameEngine\Vishv_GE\Framework\AI\Inc\SteeringModule.h(68): message : see reference to class template instantiation 'Vishv::AI::SteeringModule<AgentType>' being compiled
C:\Users\bhavi\OneDrive\Desktop\GitHub\Vishv_GameEngine\Vishv_GE\Framework\AI\Inc\SteeringModule.h(19,56): error C2039: 'Evade': is not a member of 'Vishv::AI::Steering'
C:\Users\bhavi\OneDrive\Desktop\GitHub\Vishv_GameEngine\Vishv_GE\Framework\AI\Inc\SteeringBehaviour.h(22): message : see declaration of 'Vishv::AI::Steering'
C:\Users\bhavi\OneDrive\Desktop\GitHub\Vishv_GameEngine\Vishv_GE\Framework\AI\Inc\SteeringModule.h(20,56): error C2039: 'Flee': is not a member of 'Vishv::AI::Steering'
C:\Users\bhavi\OneDrive\Desktop\GitHub\Vishv_GameEngine\Vishv_GE\Framework\AI\Inc\SteeringBehaviour.h(22): message : see declaration of 'Vishv::AI::Steering'
C:\Users\bhavi\OneDrive\Desktop\GitHub\Vishv_GameEngine\Vishv_GE\Framework\AI\Inc\SteeringModule.h(21,56): error C2039: 'Flocking': is not a member of 'Vishv::AI::Steering'
C:\Users\bhavi\OneDrive\Desktop\GitHub\Vishv_GameEngine\Vishv_GE\Framework\AI\Inc\SteeringBehaviour.h(22): message : see declaration of 'Vishv::AI::Steering'
C:\Users\bhavi\OneDrive\Desktop\GitHub\Vishv_GameEngine\Vishv_GE\Framework\AI\Inc\SteeringModule.h(22,56): error C2039: 'ObstacleAvoidance': is not a member of 'Vishv::AI::Steering'
C:\Users\bhavi\OneDrive\Desktop\GitHub\Vishv_GameEngine\Vishv_GE\Framework\AI\Inc\SteeringBehaviour.h(22): message : see declaration of 'Vishv::AI::Steering'
C:\Users\bhavi\OneDrive\Desktop\GitHub\Vishv_GameEngine\Vishv_GE\Framework\AI\Inc\SteeringModule.h(23,56): error C2039: 'Pursuit': is not a member of 'Vishv::AI::Steering'
C:\Users\bhavi\OneDrive\Desktop\GitHub\Vishv_GameEngine\Vishv_GE\Framework\AI\Inc\SteeringBehaviour.h(22): message : see declaration of 'Vishv::AI::Steering'
C:\Users\bhavi\OneDrive\Desktop\GitHub\Vishv_GameEngine\Vishv_GE\Framework\AI\Inc\SteeringModule.h(24,56): error C2039: 'Seek': is not a member of 'Vishv::AI::Steering'
C:\Users\bhavi\OneDrive\Desktop\GitHub\Vishv_GameEngine\Vishv_GE\Framework\AI\Inc\SteeringBehaviour.h(22): message : see declaration of 'Vishv::AI::Steering'
C:\Users\bhavi\OneDrive\Desktop\GitHub\Vishv_GameEngine\Vishv_GE\Framework\AI\Inc\SteeringModule.h(25,56): error C2039: 'Wander': is not a member of 'Vishv::AI::Steering'
C:\Users\bhavi\OneDrive\Desktop\GitHub\Vishv_GameEngine\Vishv_GE\Framework\AI\Inc\SteeringBehaviour.h(22): message : see declaration of 'Vishv::AI::Steering'
C:\Users\bhavi\OneDrive\Desktop\GitHub\Vishv_GameEngine\Vishv_GE\Engine\Vishv\Inc\ColliderComponent.h(32,20): error C2039: 'mSphere': is not a member of 'Vishv::Physics::SphereCollider'
C:\Users\bhavi\OneDrive\Desktop\GitHub\Vishv_GameEngine\Vishv_GE\Framework\Physics\Inc\SphereCollider.h(9): message : see declaration of 'Vishv::Physics::SphereCollider'
C:\Users\bhavi\OneDrive\Desktop\GitHub\Vishv_GameEngine\Vishv_GE\Engine\Vishv\Inc\QuadTree.h(32,79): error C2039: 'AABB': is not a member of 'Vishv::Physics::Collision'
C:\Users\bhavi\OneDrive\Desktop\GitHub\Vishv_GameEngine\Vishv_GE\Framework\Physics\Inc\ShapeCollision.h(6): message : see declaration of 'Vishv::Physics::Collision'
C:\Users\bhavi\OneDrive\Desktop\GitHub\Vishv_GameEngine\Vishv_GE\Engine\Vishv\Inc\QuadTree.h(32,83): error C2061: syntax error: identifier 'AABB'
  StarteState.cpp
