C:\Program Files (x86)\Microsoft Visual Studio\2019\Community\MSBuild\Current\Bin\Microsoft.Common.CurrentVersion.targets(1850,5): warning : The referenced project '..\Core\Core.vcxproj' does not exist.
C:\Program Files (x86)\Microsoft Visual Studio\2019\Community\MSBuild\Current\Bin\Microsoft.Common.CurrentVersion.targets(1850,5): warning : The referenced project '..\Engine\Vishv\Vishv.vcxproj' does not exist.
C:\Program Files (x86)\Microsoft Visual Studio\2019\Community\MSBuild\Current\Bin\Microsoft.Common.CurrentVersion.targets(1850,5): warning : The referenced project '..\Graphics\Graphics.vcxproj' does not exist.
C:\Program Files (x86)\Microsoft Visual Studio\2019\Community\MSBuild\Current\Bin\Microsoft.Common.CurrentVersion.targets(1850,5): warning : The referenced project '..\Input\Input.vcxproj' does not exist.
C:\Program Files (x86)\Microsoft Visual Studio\2019\Community\MSBuild\Current\Bin\Microsoft.Common.CurrentVersion.targets(1850,5): warning : The referenced project '..\Math\Math.vcxproj' does not exist.
C:\Program Files (x86)\Microsoft Visual Studio\2019\Community\MSBuild\Current\Bin\Microsoft.Common.CurrentVersion.targets(1850,5): warning : The referenced project '..\Physics\Physics.vcxproj' does not exist.
  WinMain.cpp
C:\Users\bhavi\OneDrive\Desktop\GitHub\Vishv_GameEngine\Vishv_GE\Framework\Graphics\Inc\Model.h(52,22): error C2039: 'SamplerManager': is not a member of 'Vishv::Graphics'
C:\Users\bhavi\OneDrive\Desktop\GitHub\Vishv_GameEngine\Vishv_GE\Framework\Graphics\Inc\Model.h(11): message : see declaration of 'Vishv::Graphics'
C:\Users\bhavi\OneDrive\Desktop\GitHub\Vishv_GameEngine\Vishv_GE\Framework\Graphics\Inc\Model.h(57): message : see reference to class template instantiation 'Vishv::Graphics::ModelBase<MESH>' being compiled
C:\Users\bhavi\OneDrive\Desktop\GitHub\Vishv_GameEngine\Vishv_GE\Framework\Physics\Inc\Ray.h(7,2): error C2011: 'Vishv::Physics::Ray': 'struct' type redefinition
C:\Users\bhavi\OneDrive\Desktop\GitHub\Vishv_GameEngine\Vishv_GE\Framework\Physics\Inc\RayCast.h(6): message : see declaration of 'Vishv::Physics::Ray'
C:\Users\bhavi\OneDrive\Desktop\GitHub\Vishv_GameEngine\Vishv_GE\Framework\Physics\Inc\AABBInt.h(42,24): error C3615: constexpr function 'Vishv::Physics::IntData::Vector3Int::operator -' cannot result in a constant expression
C:\Users\bhavi\OneDrive\Desktop\GitHub\Vishv_GameEngine\Vishv_GE\Framework\Physics\Inc\AABBInt.h(42,68): message : failure was caused by call of undefined function or one not declared 'constexpr'
C:\Users\bhavi\OneDrive\Desktop\GitHub\Vishv_GameEngine\Vishv_GE\Framework\Physics\Inc\AABBInt.h(42,68): message : see usage of 'Vishv::Physics::IntData::Vector3Int::Vector3Int'
C:\Users\bhavi\OneDrive\Desktop\GitHub\Vishv_GameEngine\Vishv_GE\Framework\Physics\Inc\AABBInt.h(43,24): error C3615: constexpr function 'Vishv::Physics::IntData::Vector3Int::operator +' cannot result in a constant expression
C:\Users\bhavi\OneDrive\Desktop\GitHub\Vishv_GameEngine\Vishv_GE\Framework\Physics\Inc\AABBInt.h(43,68): message : failure was caused by call of undefined function or one not declared 'constexpr'
C:\Users\bhavi\OneDrive\Desktop\GitHub\Vishv_GameEngine\Vishv_GE\Framework\Physics\Inc\AABBInt.h(43,68): message : see usage of 'Vishv::Physics::IntData::Vector3Int::Vector3Int'
C:\Users\bhavi\OneDrive\Desktop\GitHub\Vishv_GameEngine\Vishv_GE\VGP_Physics\01_HelloBallistic\WinMain.cpp(23,24): error C4430: missing type specifier - int assumed. Note: C++ does not support default-int
C:\Users\bhavi\OneDrive\Desktop\GitHub\Vishv_GameEngine\Vishv_GE\VGP_Physics\01_HelloBallistic\WinMain.cpp(23,10): error C2146: syntax error: missing ';' before identifier 'bulletParticle'
C:\Users\bhavi\OneDrive\Desktop\GitHub\Vishv_GameEngine\Vishv_GE\VGP_Physics\01_HelloBallistic\WinMain.cpp(27,2): error C2065: 'bulletParticle': undeclared identifier
C:\Users\bhavi\OneDrive\Desktop\GitHub\Vishv_GameEngine\Vishv_GE\VGP_Physics\01_HelloBallistic\WinMain.cpp(35,3): error C2065: 'bulletParticle': undeclared identifier
C:\Users\bhavi\OneDrive\Desktop\GitHub\Vishv_GameEngine\Vishv_GE\VGP_Physics\01_HelloBallistic\WinMain.cpp(36,3): error C2065: 'bulletParticle': undeclared identifier
C:\Users\bhavi\OneDrive\Desktop\GitHub\Vishv_GameEngine\Vishv_GE\VGP_Physics\01_HelloBallistic\WinMain.cpp(37,3): error C2065: 'bulletParticle': undeclared identifier
C:\Users\bhavi\OneDrive\Desktop\GitHub\Vishv_GameEngine\Vishv_GE\VGP_Physics\01_HelloBallistic\WinMain.cpp(38,3): error C2065: 'bulletParticle': undeclared identifier
C:\Users\bhavi\OneDrive\Desktop\GitHub\Vishv_GameEngine\Vishv_GE\VGP_Physics\01_HelloBallistic\WinMain.cpp(41,3): error C2065: 'bulletParticle': undeclared identifier
C:\Users\bhavi\OneDrive\Desktop\GitHub\Vishv_GameEngine\Vishv_GE\VGP_Physics\01_HelloBallistic\WinMain.cpp(42,3): error C2065: 'bulletParticle': undeclared identifier
C:\Users\bhavi\OneDrive\Desktop\GitHub\Vishv_GameEngine\Vishv_GE\VGP_Physics\01_HelloBallistic\WinMain.cpp(43,3): error C2065: 'bulletParticle': undeclared identifier
C:\Users\bhavi\OneDrive\Desktop\GitHub\Vishv_GameEngine\Vishv_GE\VGP_Physics\01_HelloBallistic\WinMain.cpp(44,3): error C2065: 'bulletParticle': undeclared identifier
C:\Users\bhavi\OneDrive\Desktop\GitHub\Vishv_GameEngine\Vishv_GE\VGP_Physics\01_HelloBallistic\WinMain.cpp(47,3): error C2065: 'bulletParticle': undeclared identifier
C:\Users\bhavi\OneDrive\Desktop\GitHub\Vishv_GameEngine\Vishv_GE\VGP_Physics\01_HelloBallistic\WinMain.cpp(48,3): error C2065: 'bulletParticle': undeclared identifier
C:\Users\bhavi\OneDrive\Desktop\GitHub\Vishv_GameEngine\Vishv_GE\VGP_Physics\01_HelloBallistic\WinMain.cpp(49,3): error C2065: 'bulletParticle': undeclared identifier
C:\Users\bhavi\OneDrive\Desktop\GitHub\Vishv_GameEngine\Vishv_GE\VGP_Physics\01_HelloBallistic\WinMain.cpp(50,3): error C2065: 'bulletParticle': undeclared identifier
C:\Users\bhavi\OneDrive\Desktop\GitHub\Vishv_GameEngine\Vishv_GE\VGP_Physics\01_HelloBallistic\WinMain.cpp(53,3): error C2065: 'bulletParticle': undeclared identifier
C:\Users\bhavi\OneDrive\Desktop\GitHub\Vishv_GameEngine\Vishv_GE\VGP_Physics\01_HelloBallistic\WinMain.cpp(54,3): error C2065: 'bulletParticle': undeclared identifier
C:\Users\bhavi\OneDrive\Desktop\GitHub\Vishv_GameEngine\Vishv_GE\VGP_Physics\01_HelloBallistic\WinMain.cpp(55,3): error C2065: 'bulletParticle': undeclared identifier
C:\Users\bhavi\OneDrive\Desktop\GitHub\Vishv_GameEngine\Vishv_GE\VGP_Physics\01_HelloBallistic\WinMain.cpp(56,3): error C2065: 'bulletParticle': undeclared identifier
C:\Users\bhavi\OneDrive\Desktop\GitHub\Vishv_GameEngine\Vishv_GE\VGP_Physics\01_HelloBallistic\WinMain.cpp(76,54): error C2440: 'initializing': cannot convert from 'Vishv::Graphics::Mesh' to 'Vishv::Graphics::MeshBase<Vishv::Graphics::VertexPC>'
C:\Users\bhavi\OneDrive\Desktop\GitHub\Vishv_GameEngine\Vishv_GE\VGP_Physics\01_HelloBallistic\WinMain.cpp(76,16): message : No user-defined-conversion operator available that can perform this conversion, or the operator cannot be called
C:\Users\bhavi\OneDrive\Desktop\GitHub\Vishv_GameEngine\Vishv_GE\VGP_Physics\01_HelloBallistic\WinMain.cpp(94,18): error C2039: 'SetDirection': is not a member of 'Vishv::Graphics::Camera'
C:\Users\bhavi\OneDrive\Desktop\GitHub\Vishv_GameEngine\Vishv_GE\Framework\Graphics\Inc\Object3D.h(10): message : see declaration of 'Vishv::Graphics::Camera'
C:\Users\bhavi\OneDrive\Desktop\GitHub\Vishv_GameEngine\Vishv_GE\VGP_Physics\01_HelloBallistic\WinMain.cpp(131,11): error C2039: 'Yaw': is not a member of 'Vishv::Graphics::Camera'
C:\Users\bhavi\OneDrive\Desktop\GitHub\Vishv_GameEngine\Vishv_GE\Framework\Graphics\Inc\Object3D.h(10): message : see declaration of 'Vishv::Graphics::Camera'
C:\Users\bhavi\OneDrive\Desktop\GitHub\Vishv_GameEngine\Vishv_GE\VGP_Physics\01_HelloBallistic\WinMain.cpp(132,13): error C2039: 'Pitch': is not a member of 'Vishv::Graphics::Camera'
C:\Users\bhavi\OneDrive\Desktop\GitHub\Vishv_GameEngine\Vishv_GE\Framework\Graphics\Inc\Object3D.h(10): message : see declaration of 'Vishv::Graphics::Camera'
C:\Users\bhavi\OneDrive\Desktop\GitHub\Vishv_GameEngine\Vishv_GE\VGP_Physics\01_HelloBallistic\WinMain.cpp(159,3): error C2065: 'bulletParticle': undeclared identifier
C:\Users\bhavi\OneDrive\Desktop\GitHub\Vishv_GameEngine\Vishv_GE\VGP_Physics\01_HelloBallistic\WinMain.cpp(172,37): error C2065: 'bulletParticle': undeclared identifier
C:\Users\bhavi\OneDrive\Desktop\GitHub\Vishv_GameEngine\Vishv_GE\VGP_Physics\01_HelloBallistic\WinMain.cpp(174,53): error C2660: 'Vishv::Graphics::Camera::GetPerspectiveMatrix': function does not take 1 arguments
C:\Users\bhavi\OneDrive\Desktop\GitHub\Vishv_GameEngine\Vishv_GE\Framework\Graphics\Inc\Camera.h(45,23): message : see declaration of 'Vishv::Graphics::Camera::GetPerspectiveMatrix'
