  Precompiled.cpp
  Animation.cpp
  AnimationBuilder.cpp
  AnimationClip.cpp
  AnimationEasing.cpp
  AnimationIO.cpp
  BlendManager.cpp
  BlendState.cpp
  Camera.cpp
  ConstantBuffer.cpp
  D3DUtil.cpp
  DebugUI.cpp
  EffectBufferData.cpp
  EffectsConstantBuffer.cpp
  EffectsManager.cpp
  GeometryShader.cpp
  GraphicsSystem.cpp
  MeshBuffer.cpp
  MeshBuilder.cpp
  MeshIO.cpp
  Object3D.cpp
  Generating Code...
  Compiling...
  PixelShader.cpp
  RasterizerState.cpp
  RasterizerStateManager.cpp
  RenderTarget.cpp
  Sampler.cpp
  SamplerManager.cpp
  SimpleDraw.cpp
  Skeleton.cpp
  SkeletonIO.cpp
  SpriteRenderer.cpp
  Texture.cpp
  TextureManager.cpp
  VertexShader.cpp
  Generating Code...
  Graphics.vcxproj -> D:\GitHubBhav\Vishv_GameEngine\Vishv_GE\x64\Debug\Graphics.lib
